# ps -xo comm | sort | uniq | grep -v sh > chapter2>psTogrep.out

agent
bamfdaemon
code
COMMAND
cpptools
dbus-daemon
dconf-service
dde-clipboard
dde-clipboardlo
dde-desktop
dde-dock
dde-launcher
dde-osd
dde-polkit-agenext:out
dman-search
fcitx
fcitx-dbus-watc
gconfd-2
gnome-keyring-d
grep
gvfs-afc-volume
gvfsd
gvfsd-dnssd
gvfsd-fuse
gvfsd-metadata
gvfsd-network
gvfs-goa-volume
gvfs-gphoto2-vo
gvfs-mtp-volume
gvfs-udisks2-vo
kglobalaccel5
kwin_no_scale
kwin_x11
p3x-onenote
ps
pulseaudio
(sd-pam)
sogou-qimpanel
sogou-qimpanel-
sort
startdde
systemd
uniq
